[ 16%] [32mBuilding CXX object CMakeFiles/velodyne_input.dir/src/lib/input.cpp.o[0m
[ 25%] [32mBuilding CXX object gtest/CMakeFiles/gtest.dir/src/gtest-all.cc.o[0m
[ 25%] [32mBuilding CXX object gtest/CMakeFiles/gtest_main.dir/src/gtest_main.cc.o[0m
In file included from [01m[K/ros/velodyne/velodyne_driver/src/lib/input.cpp:47[m[K:
[01m[K/ros/velodyne/velodyne_driver/include/velodyne_driver/input.hpp:57:10:[m[K [01;31m[Kfatal error: [m[Kpcap.h: No such file or directory
   57 | #include [01;31m[K<pcap.h>[m[K
      |          [01;31m[K^~~~~~~~[m[K
compilation terminated.
gmake[2]: *** [CMakeFiles/velodyne_input.dir/build.make:76: CMakeFiles/velodyne_input.dir/src/lib/input.cpp.o] Error 1
gmake[1]: *** [CMakeFiles/Makefile2:161: CMakeFiles/velodyne_input.dir/all] Error 2
gmake[1]: *** Waiting for unfinished jobs....
[ 33%] [32m[1mLinking CXX static library libgtest_main.a[0m
[ 33%] Built target gtest_main
[ 41%] [32m[1mLinking CXX static library libgtest.a[0m
[ 41%] Built target gtest
gmake: *** [Makefile:146: all] Error 2
