[0.094s] Invoking command in '/ros/build/velodyne_driver': AMENT_PREFIX_PATH=/ros/install/velodyne_msgs:${AMENT_PREFIX_PATH} CMAKE_PREFIX_PATH=/ros/install/velodyne_msgs:/opt/ros/rolling LD_LIBRARY_PATH=/ros/install/velodyne_msgs/lib:${LD_LIBRARY_PATH} PYTHONPATH=/ros/install/velodyne_msgs/lib/python3.12/site-packages:${PYTHONPATH} /usr/bin/cmake --build /ros/build/velodyne_driver -- -j4 -l4
[0.581s] [ 16%] [32mBuilding CXX object CMakeFiles/velodyne_input.dir/src/lib/input.cpp.o[0m
[0.595s] [ 25%] [32mBuilding CXX object gtest/CMakeFiles/gtest.dir/src/gtest-all.cc.o[0m
[0.599s] [ 25%] [32mBuilding CXX object gtest/CMakeFiles/gtest_main.dir/src/gtest_main.cc.o[0m
[0.887s] In file included from [01m[K/ros/velodyne/velodyne_driver/src/lib/input.cpp:47[m[K:
[0.893s] [01m[K/ros/velodyne/velodyne_driver/include/velodyne_driver/input.hpp:57:10:[m[K [01;31m[Kfatal error: [m[Kpcap.h: No such file or directory
[0.898s]    57 | #include [01;31m[K<pcap.h>[m[K
[0.901s]       |          [01;31m[K^~~~~~~~[m[K
[0.906s] compilation terminated.
[0.916s] gmake[2]: *** [CMakeFiles/velodyne_input.dir/build.make:76: CMakeFiles/velodyne_input.dir/src/lib/input.cpp.o] Error 1
[0.922s] gmake[1]: *** [CMakeFiles/Makefile2:161: CMakeFiles/velodyne_input.dir/all] Error 2
[0.932s] gmake[1]: *** Waiting for unfinished jobs....
[1.434s] [ 33%] [32m[1mLinking CXX static library libgtest_main.a[0m
[1.714s] [ 33%] Built target gtest_main
[4.555s] [ 41%] [32m[1mLinking CXX static library libgtest.a[0m
[7.033s] [ 41%] Built target gtest
[7.039s] gmake: *** [Makefile:146: all] Error 2
[7.053s] Invoked command in '/ros/build/velodyne_driver' returned '2': AMENT_PREFIX_PATH=/ros/install/velodyne_msgs:${AMENT_PREFIX_PATH} CMAKE_PREFIX_PATH=/ros/install/velodyne_msgs:/opt/ros/rolling LD_LIBRARY_PATH=/ros/install/velodyne_msgs/lib:${LD_LIBRARY_PATH} PYTHONPATH=/ros/install/velodyne_msgs/lib/python3.12/site-packages:${PYTHONPATH} /usr/bin/cmake --build /ros/build/velodyne_driver -- -j4 -l4
